#! /c/Source/iverilog-install/bin/vvp
:ivl_version "12.0 (devel)" "(s20150603-1539-g2693dd32b)";
:ivl_delay_selection "TYPICAL";
:vpi_time_precision - 12;
:vpi_module "C:\iverilog\lib\ivl\system.vpi";
:vpi_module "C:\iverilog\lib\ivl\vhdl_sys.vpi";
:vpi_module "C:\iverilog\lib\ivl\vhdl_textio.vpi";
:vpi_module "C:\iverilog\lib\ivl\v2005_math.vpi";
:vpi_module "C:\iverilog\lib\ivl\va_math.vpi";
S_0000029a588a7060 .scope module, "comparator" "comparator" 2 1;
 .timescale 0 0;
    .port_info 0 /INPUT 16 "A";
    .port_info 1 /INPUT 16 "B";
    .port_info 2 /OUTPUT 1 "lt";
    .port_info 3 /OUTPUT 1 "gt";
    .port_info 4 /OUTPUT 1 "eq";
o0000029a5893b7f8 .functor BUFZ 16, C4<zzzzzzzzzzzzzzzz>; HiZ drive
v0000029a5892f1d0_0 .net "A", 15 0, o0000029a5893b7f8;  0 drivers
o0000029a5893b828 .functor BUFZ 16, C4<zzzzzzzzzzzzzzzz>; HiZ drive
v0000029a5892dd30_0 .net "B", 15 0, o0000029a5893b828;  0 drivers
v0000029a5892e370_0 .net *"_ivl_0", 0 0, L_0000029a5899fe60;  1 drivers
L_0000029a589a1218 .functor BUFT 1, C4<1>, C4<0>, C4<0>, C4<0>;
v0000029a5892dfb0_0 .net/2u *"_ivl_10", 0 0, L_0000029a589a1218;  1 drivers
L_0000029a589a1260 .functor BUFT 1, C4<0>, C4<0>, C4<0>, C4<0>;
v0000029a5892e870_0 .net/2u *"_ivl_12", 0 0, L_0000029a589a1260;  1 drivers
v0000029a5892eaf0_0 .net *"_ivl_16", 0 0, L_0000029a5899f5a0;  1 drivers
L_0000029a589a12a8 .functor BUFT 1, C4<1>, C4<0>, C4<0>, C4<0>;
v0000029a5892e4b0_0 .net/2u *"_ivl_18", 0 0, L_0000029a589a12a8;  1 drivers
L_0000029a589a1188 .functor BUFT 1, C4<1>, C4<0>, C4<0>, C4<0>;
v0000029a5892e050_0 .net/2u *"_ivl_2", 0 0, L_0000029a589a1188;  1 drivers
L_0000029a589a12f0 .functor BUFT 1, C4<0>, C4<0>, C4<0>, C4<0>;
v0000029a5892e0f0_0 .net/2u *"_ivl_20", 0 0, L_0000029a589a12f0;  1 drivers
L_0000029a589a11d0 .functor BUFT 1, C4<0>, C4<0>, C4<0>, C4<0>;
v0000029a5892e550_0 .net/2u *"_ivl_4", 0 0, L_0000029a589a11d0;  1 drivers
v0000029a5892d790_0 .net *"_ivl_8", 0 0, L_0000029a5899f460;  1 drivers
v0000029a5892e9b0_0 .net "eq", 0 0, L_0000029a5899f640;  1 drivers
v0000029a5892dbf0_0 .net "gt", 0 0, L_0000029a5899ee20;  1 drivers
v0000029a5892d5b0_0 .net "lt", 0 0, L_0000029a5899f500;  1 drivers
L_0000029a5899fe60 .cmp/gt 16, o0000029a5893b828, o0000029a5893b7f8;
L_0000029a5899f500 .functor MUXZ 1, L_0000029a589a11d0, L_0000029a589a1188, L_0000029a5899fe60, C4<>;
L_0000029a5899f460 .cmp/gt 16, o0000029a5893b7f8, o0000029a5893b828;
L_0000029a5899ee20 .functor MUXZ 1, L_0000029a589a1260, L_0000029a589a1218, L_0000029a5899f460, C4<>;
L_0000029a5899f5a0 .cmp/eq 16, o0000029a5893b7f8, o0000029a5893b828;
L_0000029a5899f640 .functor MUXZ 1, L_0000029a589a12f0, L_0000029a589a12a8, L_0000029a5899f5a0, C4<>;
S_0000029a588dc6c0 .scope module, "main_tb" "main_tb" 3 5;
 .timescale -9 -12;
v0000029a5899f140_0 .var "clk", 0 0;
v0000029a5899faa0_0 .var "rst", 0 0;
S_0000029a588dc850 .scope module, "uut" "main" 3 13, 4 19 0, S_0000029a588dc6c0;
 .timescale 0 0;
    .port_info 0 /INPUT 1 "clk";
    .port_info 1 /INPUT 1 "rst";
L_0000029a589a19f8 .functor BUFT 1, C4<1>, C4<0>, C4<0>, C4<0>;
L_0000029a589f1280 .functor XNOR 1, L_0000029a5899ffa0, L_0000029a589a19f8, C4<0>, C4<0>;
L_0000029a589f13d0 .functor OR 1, L_0000029a589f1280, L_0000029a589eefe0, C4<0>, C4<0>;
L_0000029a589f1d70 .functor AND 1, L_0000029a589eefe0, L_0000029a589ed960, C4<1>, C4<1>;
L_0000029a589a29b8 .functor BUFT 1, C4<1>, C4<0>, C4<0>, C4<0>;
L_0000029a589f1ec0 .functor XNOR 1, L_0000029a589eb660, L_0000029a589a29b8, C4<0>, C4<0>;
L_0000029a589a2a00 .functor BUFT 1, C4<1>, C4<0>, C4<0>, C4<0>;
L_0000029a589f1f30 .functor XNOR 1, L_0000029a589eba20, L_0000029a589a2a00, C4<0>, C4<0>;
v0000029a5899e7e0_0 .net "Ist", 15 0, L_0000029a58a07de0;  1 drivers
v0000029a5899d660_0 .net "Mw", 0 0, L_0000029a5899ffa0;  1 drivers
v0000029a5899d700_0 .net "RWdatain", 15 0, L_0000029a589ed6e0;  1 drivers
v0000029a5899db60_0 .net "ResSrc", 0 0, L_0000029a589ee040;  1 drivers
v0000029a5899cc60_0 .net "Rw", 0 0, L_0000029a5899f8c0;  1 drivers
v0000029a5899d200_0 .net *"_ivl_11", 2 0, L_0000029a589eda00;  1 drivers
v0000029a5899cee0_0 .net/2u *"_ivl_2", 0 0, L_0000029a589a19f8;  1 drivers
v0000029a5899d8e0_0 .net *"_ivl_26", 0 0, L_0000029a589f1d70;  1 drivers
v0000029a5899d980_0 .net *"_ivl_29", 4 0, L_0000029a589eb8e0;  1 drivers
L_0000029a589a2808 .functor BUFT 1, C4<1111111111111111>, C4<0>, C4<0>, C4<0>;
v0000029a5899dc00_0 .net/2u *"_ivl_30", 15 0, L_0000029a589a2808;  1 drivers
v0000029a5899e1a0_0 .net *"_ivl_32", 0 0, L_0000029a589eb2a0;  1 drivers
L_0000029a589a2850 .functor BUFT 1, C4<00000>, C4<0>, C4<0>, C4<0>;
v0000029a5899cf80_0 .net/2u *"_ivl_34", 4 0, L_0000029a589a2850;  1 drivers
L_0000029a589a2898 .functor BUFT 1, C4<00001>, C4<0>, C4<0>, C4<0>;
v0000029a5899dca0_0 .net/2u *"_ivl_36", 4 0, L_0000029a589a2898;  1 drivers
v0000029a5899e060_0 .net *"_ivl_38", 4 0, L_0000029a589eb340;  1 drivers
v0000029a5899e100_0 .net *"_ivl_4", 0 0, L_0000029a589f1280;  1 drivers
L_0000029a589a28e0 .functor BUFT 1, C4<00001>, C4<0>, C4<0>, C4<0>;
v0000029a5899d0c0_0 .net/2u *"_ivl_42", 4 0, L_0000029a589a28e0;  1 drivers
v0000029a5899d340_0 .net/2u *"_ivl_46", 0 0, L_0000029a589a29b8;  1 drivers
v0000029a5899e240_0 .net *"_ivl_48", 0 0, L_0000029a589f1ec0;  1 drivers
v0000029a5899e2e0_0 .net *"_ivl_51", 4 0, L_0000029a58a06d00;  1 drivers
v0000029a5899e380_0 .net/2u *"_ivl_52", 0 0, L_0000029a589a2a00;  1 drivers
v0000029a5899e420_0 .net *"_ivl_54", 0 0, L_0000029a589f1f30;  1 drivers
v0000029a5899e560_0 .net *"_ivl_56", 4 0, L_0000029a58a081a0;  1 drivers
v0000029a5899e600_0 .net *"_ivl_6", 0 0, L_0000029a589f13d0;  1 drivers
v0000029a5899ec40_0 .net *"_ivl_9", 2 0, L_0000029a589edc80;  1 drivers
v0000029a5899eb00_0 .net "alcontrol", 2 0, L_0000029a589edf00;  1 drivers
v0000029a5899fdc0_0 .net "aluSrc", 0 0, L_0000029a589ee0e0;  1 drivers
v0000029a5899ece0_0 .net "alumux", 15 0, L_0000029a589ec060;  1 drivers
v0000029a5899f000_0 .net "aluop", 1 0, L_0000029a589ee680;  1 drivers
v0000029a5899f1e0_0 .net "aluout", 15 0, L_0000029a589ec6a0;  1 drivers
v0000029a5899f6e0_0 .net "b", 0 0, L_0000029a589eefe0;  1 drivers
v0000029a5899f280_0 .net "clk", 0 0, v0000029a5899f140_0;  1 drivers
v0000029a5899fc80_0 .net "er2", 15 0, L_0000029a589ee220;  1 drivers
v0000029a5899ea60_0 .net "fcall", 0 0, L_0000029a589eb660;  1 drivers
v0000029a5899fbe0_0 .net "fcallend", 0 0, L_0000029a589eba20;  1 drivers
v0000029a5899f320_0 .net "memout", 15 0, L_0000029a589eb7a0;  1 drivers
v0000029a5899eba0_0 .net "pII", 4 0, L_0000029a589ebb60;  1 drivers
v0000029a5899ed80_0 .net "pcNxt", 4 0, L_0000029a58a06260;  1 drivers
v0000029a5899f3c0_0 .net "pcWire", 4 0, v0000029a5899b500_0;  1 drivers
v0000029a589a0040_0 .net "pcmux", 4 0, L_0000029a589ebac0;  1 drivers
v0000029a5899fd20_0 .net "pflag", 0 0, L_0000029a589ed960;  1 drivers
v0000029a5899fb40_0 .net "r1", 15 0, L_0000029a589ee720;  1 drivers
v0000029a5899ef60_0 .net "r2", 15 0, L_0000029a589eecc0;  1 drivers
v0000029a5899f0a0_0 .net "rst", 0 0, v0000029a5899faa0_0;  1 drivers
v0000029a5899f780_0 .net "stdatain", 4 0, L_0000029a589ebc00;  1 drivers
v0000029a5899f960_0 .net "stout", 4 0, L_0000029a58a06620;  1 drivers
v0000029a5899fa00_0 .net "strmux", 2 0, L_0000029a589eeae0;  1 drivers
L_0000029a589eef40 .part L_0000029a58a07de0, 0, 2;
L_0000029a589edc80 .part L_0000029a58a07de0, 5, 3;
L_0000029a589eda00 .part L_0000029a58a07de0, 11, 3;
L_0000029a589eeae0 .functor MUXZ 3, L_0000029a589eda00, L_0000029a589edc80, L_0000029a589f13d0, C4<>;
L_0000029a589ee9a0 .part L_0000029a58a07de0, 8, 3;
L_0000029a589ee400 .part L_0000029a58a07de0, 5, 3;
L_0000029a589eee00 .part L_0000029a58a07de0, 2, 3;
L_0000029a589ee540 .part L_0000029a58a07de0, 11, 5;
L_0000029a589ed320 .part L_0000029a58a07de0, 2, 3;
L_0000029a589eb200 .part L_0000029a589ec6a0, 0, 13;
L_0000029a589eb8e0 .part L_0000029a58a07de0, 11, 5;
L_0000029a589eb2a0 .cmp/eq 16, L_0000029a58a07de0, L_0000029a589a2808;
L_0000029a589eb340 .functor MUXZ 5, L_0000029a589a2898, L_0000029a589a2850, L_0000029a589eb2a0, C4<>;
L_0000029a589ebac0 .functor MUXZ 5, L_0000029a589eb340, L_0000029a589eb8e0, L_0000029a589f1d70, C4<>;
L_0000029a589ebc00 .arith/sum 5, v0000029a5899b500_0, L_0000029a589a28e0;
L_0000029a58a06d00 .part L_0000029a58a07de0, 5, 5;
L_0000029a58a081a0 .functor MUXZ 5, L_0000029a589ebb60, L_0000029a58a06620, L_0000029a589f1f30, C4<>;
L_0000029a58a06260 .functor MUXZ 5, L_0000029a58a081a0, L_0000029a58a06d00, L_0000029a589f1ec0, C4<>;
S_0000029a588c3770 .scope module, "CU" "ControlUnit" 4 62, 5 1 0, S_0000029a588dc850;
 .timescale 0 0;
    .port_info 0 /INPUT 2 "op";
    .port_info 1 /OUTPUT 1 "Regw";
    .port_info 2 /OUTPUT 1 "memW";
    .port_info 3 /OUTPUT 1 "ResSrc";
    .port_info 4 /OUTPUT 1 "aluSrc";
    .port_info 5 /OUTPUT 2 "aluOP";
    .port_info 6 /OUTPUT 1 "pcSrc";
    .port_info 7 /OUTPUT 1 "branch";
L_0000029a589148f0 .functor OR 1, L_0000029a5899f820, L_0000029a5899eec0, C4<0>, C4<0>;
L_0000029a588e00e0 .functor OR 1, L_0000029a5899e9c0, L_0000029a589ee860, C4<0>, C4<0>;
L_0000029a588df4a0 .functor OR 1, L_0000029a589edd20, L_0000029a589eec20, C4<0>, C4<0>;
L_0000029a589f14b0 .functor OR 1, L_0000029a589ee2c0, L_0000029a589ee5e0, C4<0>, C4<0>;
v0000029a5892d830_0 .net "Regw", 0 0, L_0000029a5899f8c0;  alias, 1 drivers
v0000029a5892e5f0_0 .net "ResSrc", 0 0, L_0000029a589ee040;  alias, 1 drivers
L_0000029a589a1338 .functor BUFT 1, C4<00>, C4<0>, C4<0>, C4<0>;
v0000029a5892ea50_0 .net/2u *"_ivl_0", 1 0, L_0000029a589a1338;  1 drivers
L_0000029a589a13c8 .functor BUFT 1, C4<1>, C4<0>, C4<0>, C4<0>;
v0000029a5892ddd0_0 .net/2u *"_ivl_10", 0 0, L_0000029a589a13c8;  1 drivers
L_0000029a589a1410 .functor BUFT 1, C4<0>, C4<0>, C4<0>, C4<0>;
v0000029a5892e7d0_0 .net/2u *"_ivl_12", 0 0, L_0000029a589a1410;  1 drivers
L_0000029a589a1458 .functor BUFT 1, C4<11>, C4<0>, C4<0>, C4<0>;
v0000029a5892dc90_0 .net/2u *"_ivl_16", 1 0, L_0000029a589a1458;  1 drivers
v0000029a5892de70_0 .net *"_ivl_18", 0 0, L_0000029a5899ff00;  1 drivers
v0000029a5892eb90_0 .net *"_ivl_2", 0 0, L_0000029a5899f820;  1 drivers
L_0000029a589a14a0 .functor BUFT 1, C4<1>, C4<0>, C4<0>, C4<0>;
v0000029a5892d8d0_0 .net/2u *"_ivl_20", 0 0, L_0000029a589a14a0;  1 drivers
L_0000029a589a14e8 .functor BUFT 1, C4<0>, C4<0>, C4<0>, C4<0>;
v0000029a5892ec30_0 .net/2u *"_ivl_22", 0 0, L_0000029a589a14e8;  1 drivers
L_0000029a589a1530 .functor BUFT 1, C4<11>, C4<0>, C4<0>, C4<0>;
v0000029a5892ecd0_0 .net/2u *"_ivl_26", 1 0, L_0000029a589a1530;  1 drivers
v0000029a5892ed70_0 .net *"_ivl_28", 0 0, L_0000029a5899e9c0;  1 drivers
L_0000029a589a1578 .functor BUFT 1, C4<01>, C4<0>, C4<0>, C4<0>;
v0000029a5892ee10_0 .net/2u *"_ivl_30", 1 0, L_0000029a589a1578;  1 drivers
v0000029a5892eeb0_0 .net *"_ivl_32", 0 0, L_0000029a589ee860;  1 drivers
v0000029a5892f130_0 .net *"_ivl_34", 0 0, L_0000029a588e00e0;  1 drivers
L_0000029a589a15c0 .functor BUFT 1, C4<1>, C4<0>, C4<0>, C4<0>;
v0000029a5892f310_0 .net/2u *"_ivl_36", 0 0, L_0000029a589a15c0;  1 drivers
L_0000029a589a1608 .functor BUFT 1, C4<0>, C4<0>, C4<0>, C4<0>;
v0000029a5892ef50_0 .net/2u *"_ivl_38", 0 0, L_0000029a589a1608;  1 drivers
L_0000029a589a1380 .functor BUFT 1, C4<01>, C4<0>, C4<0>, C4<0>;
v0000029a5892f270_0 .net/2u *"_ivl_4", 1 0, L_0000029a589a1380;  1 drivers
L_0000029a589a1650 .functor BUFT 1, C4<01>, C4<0>, C4<0>, C4<0>;
v0000029a5892d970_0 .net/2u *"_ivl_42", 1 0, L_0000029a589a1650;  1 drivers
v0000029a5892da10_0 .net *"_ivl_44", 0 0, L_0000029a589edd20;  1 drivers
L_0000029a589a1698 .functor BUFT 1, C4<11>, C4<0>, C4<0>, C4<0>;
v0000029a5892f3b0_0 .net/2u *"_ivl_46", 1 0, L_0000029a589a1698;  1 drivers
v0000029a5892d510_0 .net *"_ivl_48", 0 0, L_0000029a589eec20;  1 drivers
v0000029a5892dab0_0 .net *"_ivl_50", 0 0, L_0000029a588df4a0;  1 drivers
L_0000029a589a16e0 .functor BUFT 1, C4<00>, C4<0>, C4<0>, C4<0>;
v0000029a58903710_0 .net/2u *"_ivl_52", 1 0, L_0000029a589a16e0;  1 drivers
L_0000029a589a1728 .functor BUFT 1, C4<10>, C4<0>, C4<0>, C4<0>;
v0000029a58923de0_0 .net/2u *"_ivl_54", 1 0, L_0000029a589a1728;  1 drivers
v0000029a58995890_0 .net *"_ivl_56", 0 0, L_0000029a589edb40;  1 drivers
L_0000029a589a1770 .functor BUFT 1, C4<01>, C4<0>, C4<0>, C4<0>;
v0000029a58994df0_0 .net/2u *"_ivl_58", 1 0, L_0000029a589a1770;  1 drivers
v0000029a58994c10_0 .net *"_ivl_6", 0 0, L_0000029a5899eec0;  1 drivers
L_0000029a589a17b8 .functor BUFT 1, C4<10>, C4<0>, C4<0>, C4<0>;
v0000029a589957f0_0 .net/2u *"_ivl_60", 1 0, L_0000029a589a17b8;  1 drivers
v0000029a58995d90_0 .net *"_ivl_62", 1 0, L_0000029a589eddc0;  1 drivers
L_0000029a589a1800 .functor BUFT 1, C4<11>, C4<0>, C4<0>, C4<0>;
v0000029a58995750_0 .net/2u *"_ivl_66", 1 0, L_0000029a589a1800;  1 drivers
v0000029a58994a30_0 .net *"_ivl_68", 0 0, L_0000029a589ee2c0;  1 drivers
L_0000029a589a1848 .functor BUFT 1, C4<01>, C4<0>, C4<0>, C4<0>;
v0000029a58994b70_0 .net/2u *"_ivl_70", 1 0, L_0000029a589a1848;  1 drivers
v0000029a58994cb0_0 .net *"_ivl_72", 0 0, L_0000029a589ee5e0;  1 drivers
v0000029a58996010_0 .net *"_ivl_74", 0 0, L_0000029a589f14b0;  1 drivers
L_0000029a589a1890 .functor BUFT 1, C4<1>, C4<0>, C4<0>, C4<0>;
v0000029a58994d50_0 .net/2u *"_ivl_76", 0 0, L_0000029a589a1890;  1 drivers
L_0000029a589a18d8 .functor BUFT 1, C4<0>, C4<0>, C4<0>, C4<0>;
v0000029a58994710_0 .net/2u *"_ivl_78", 0 0, L_0000029a589a18d8;  1 drivers
v0000029a58994850_0 .net *"_ivl_8", 0 0, L_0000029a589148f0;  1 drivers
L_0000029a589a1920 .functor BUFT 1, C4<10>, C4<0>, C4<0>, C4<0>;
v0000029a589943f0_0 .net/2u *"_ivl_82", 1 0, L_0000029a589a1920;  1 drivers
v0000029a589945d0_0 .net *"_ivl_84", 0 0, L_0000029a589ee7c0;  1 drivers
L_0000029a589a1968 .functor BUFT 1, C4<1>, C4<0>, C4<0>, C4<0>;
v0000029a589954d0_0 .net/2u *"_ivl_86", 0 0, L_0000029a589a1968;  1 drivers
L_0000029a589a19b0 .functor BUFT 1, C4<0>, C4<0>, C4<0>, C4<0>;
v0000029a58994170_0 .net/2u *"_ivl_88", 0 0, L_0000029a589a19b0;  1 drivers
v0000029a58994fd0_0 .net "aluOP", 1 0, L_0000029a589ee680;  alias, 1 drivers
v0000029a58995bb0_0 .net "aluSrc", 0 0, L_0000029a589ee0e0;  alias, 1 drivers
v0000029a58995a70_0 .net "branch", 0 0, L_0000029a589eefe0;  alias, 1 drivers
v0000029a58994e90_0 .net "memW", 0 0, L_0000029a5899ffa0;  alias, 1 drivers
v0000029a589952f0_0 .net "op", 1 0, L_0000029a589eef40;  1 drivers
o0000029a5893c458 .functor BUFZ 1, C4<z>; HiZ drive
v0000029a58994490_0 .net "pcSrc", 0 0, o0000029a5893c458;  0 drivers
L_0000029a5899f820 .cmp/eq 2, L_0000029a589eef40, L_0000029a589a1338;
L_0000029a5899eec0 .cmp/eq 2, L_0000029a589eef40, L_0000029a589a1380;
L_0000029a5899f8c0 .functor MUXZ 1, L_0000029a589a1410, L_0000029a589a13c8, L_0000029a589148f0, C4<>;
L_0000029a5899ff00 .cmp/eq 2, L_0000029a589eef40, L_0000029a589a1458;
L_0000029a5899ffa0 .functor MUXZ 1, L_0000029a589a14e8, L_0000029a589a14a0, L_0000029a5899ff00, C4<>;
L_0000029a5899e9c0 .cmp/eq 2, L_0000029a589eef40, L_0000029a589a1530;
L_0000029a589ee860 .cmp/eq 2, L_0000029a589eef40, L_0000029a589a1578;
L_0000029a589ee0e0 .functor MUXZ 1, L_0000029a589a1608, L_0000029a589a15c0, L_0000029a588e00e0, C4<>;
L_0000029a589edd20 .cmp/eq 2, L_0000029a589eef40, L_0000029a589a1650;
L_0000029a589eec20 .cmp/eq 2, L_0000029a589eef40, L_0000029a589a1698;
L_0000029a589edb40 .cmp/eq 2, L_0000029a589eef40, L_0000029a589a1728;
L_0000029a589eddc0 .functor MUXZ 2, L_0000029a589a17b8, L_0000029a589a1770, L_0000029a589edb40, C4<>;
L_0000029a589ee680 .functor MUXZ 2, L_0000029a589eddc0, L_0000029a589a16e0, L_0000029a588df4a0, C4<>;
L_0000029a589ee2c0 .cmp/eq 2, L_0000029a589eef40, L_0000029a589a1800;
L_0000029a589ee5e0 .cmp/eq 2, L_0000029a589eef40, L_0000029a589a1848;
L_0000029a589ee040 .functor MUXZ 1, L_0000029a589a18d8, L_0000029a589a1890, L_0000029a589f14b0, C4<>;
L_0000029a589ee7c0 .cmp/eq 2, L_0000029a589eef40, L_0000029a589a1920;
L_0000029a589eefe0 .functor MUXZ 1, L_0000029a589a19b0, L_0000029a589a1968, L_0000029a589ee7c0, C4<>;
S_0000029a588c19b0 .scope module, "al" "alu" 4 111, 6 3 0, S_0000029a588dc850;
 .timescale 0 0;
    .port_info 0 /INPUT 16 "A";
    .port_info 1 /INPUT 16 "B";
    .port_info 2 /INPUT 3 "aluControl";
    .port_info 3 /OUTPUT 16 "aluout";
    .port_info 4 /OUTPUT 1 "z";
    .port_info 5 /OUTPUT 1 "n";
    .port_info 6 /OUTPUT 1 "v";
    .port_info 7 /OUTPUT 1 "c";
L_0000029a589f1fa0 .functor AND 16, L_0000029a589ee720, L_0000029a589ec060, C4<1111111111111111>, C4<1111111111111111>;
L_0000029a589f1e50 .functor OR 16, L_0000029a589ee720, L_0000029a589ec060, C4<0000000000000000>, C4<0000000000000000>;
L_0000029a589f1440 .functor NOT 16, L_0000029a589ec060, C4<0000000000000000>, C4<0000000000000000>, C4<0000000000000000>;
L_0000029a589f12f0 .functor XOR 16, L_0000029a589ee720, L_0000029a589ec060, C4<0000000000000000>, C4<0000000000000000>;
L_0000029a589f1590 .functor NOT 16, L_0000029a589ec6a0, C4<0000000000000000>, C4<0000000000000000>, C4<0000000000000000>;
L_0000029a589f1ad0 .functor NOT 1, L_0000029a589ebd40, C4<0>, C4<0>, C4<0>;
L_0000029a589f1c20 .functor AND 1, L_0000029a589ebca0, L_0000029a589f1ad0, C4<1>, C4<1>;
L_0000029a589f2080 .functor NOT 1, L_0000029a589ec600, C4<0>, C4<0>, C4<0>;
L_0000029a589f1520 .functor XOR 1, L_0000029a589ed1e0, L_0000029a589eb520, C4<0>, C4<0>;
L_0000029a589f1360 .functor AND 1, L_0000029a589f2080, L_0000029a589f1520, C4<1>, C4<1>;
L_0000029a589f20f0 .functor XOR 1, L_0000029a589eb5c0, L_0000029a589ecec0, C4<0>, C4<0>;
L_0000029a589f1600 .functor XOR 1, L_0000029a589f20f0, L_0000029a589eb840, C4<0>, C4<0>;
L_0000029a589f1de0 .functor NOT 1, L_0000029a589f1600, C4<0>, C4<0>, C4<0>;
L_0000029a589f16e0 .functor AND 1, L_0000029a589f1360, L_0000029a589f1de0, C4<1>, C4<1>;
v0000029a58997800_0 .net "A", 15 0, L_0000029a589ee720;  alias, 1 drivers
v0000029a58996720_0 .net "AxorB", 15 0, L_0000029a589f12f0;  1 drivers
v0000029a58997bc0_0 .net "B", 15 0, L_0000029a589ec060;  alias, 1 drivers
v0000029a589978a0_0 .net *"_ivl_13", 16 0, L_0000029a589ec380;  1 drivers
L_0000029a589a1da0 .functor BUFT 1, C4<0>, C4<0>, C4<0>, C4<0>;
v0000029a58997120_0 .net *"_ivl_16", 0 0, L_0000029a589a1da0;  1 drivers
v0000029a58997580_0 .net *"_ivl_17", 16 0, L_0000029a589ed460;  1 drivers
L_0000029a589a1de8 .functor BUFT 1, C4<0>, C4<0>, C4<0>, C4<0>;
v0000029a589964a0_0 .net *"_ivl_20", 0 0, L_0000029a589a1de8;  1 drivers
v0000029a58997940_0 .net *"_ivl_21", 16 0, L_0000029a589eca60;  1 drivers
v0000029a58996680_0 .net *"_ivl_24", 0 0, L_0000029a589ecce0;  1 drivers
v0000029a58996540_0 .net *"_ivl_25", 16 0, L_0000029a589eb980;  1 drivers
L_0000029a589a1e30 .functor BUFT 1, C4<0000000000000000>, C4<0>, C4<0>, C4<0>;
v0000029a58996c20_0 .net *"_ivl_28", 15 0, L_0000029a589a1e30;  1 drivers
v0000029a589965e0_0 .net *"_ivl_29", 16 0, L_0000029a589ed500;  1 drivers
v0000029a58996d60_0 .net *"_ivl_31", 15 0, L_0000029a589f1590;  1 drivers
v0000029a58997620_0 .net *"_ivl_38", 0 0, L_0000029a589ebd40;  1 drivers
v0000029a58996cc0_0 .net *"_ivl_39", 0 0, L_0000029a589f1ad0;  1 drivers
v0000029a589967c0_0 .net *"_ivl_44", 0 0, L_0000029a589ec600;  1 drivers
v0000029a589979e0_0 .net *"_ivl_45", 0 0, L_0000029a589f2080;  1 drivers
v0000029a58996900_0 .net *"_ivl_48", 0 0, L_0000029a589ed1e0;  1 drivers
v0000029a58997440_0 .net *"_ivl_50", 0 0, L_0000029a589eb520;  1 drivers
v0000029a589976c0_0 .net *"_ivl_51", 0 0, L_0000029a589f1520;  1 drivers
v0000029a58997760_0 .net *"_ivl_53", 0 0, L_0000029a589f1360;  1 drivers
v0000029a58996860_0 .net *"_ivl_56", 0 0, L_0000029a589eb5c0;  1 drivers
v0000029a58996b80_0 .net *"_ivl_58", 0 0, L_0000029a589ecec0;  1 drivers
v0000029a58996e00_0 .net *"_ivl_59", 0 0, L_0000029a589f20f0;  1 drivers
v0000029a58998020_0 .net *"_ivl_62", 0 0, L_0000029a589eb840;  1 drivers
v0000029a58996ea0_0 .net *"_ivl_63", 0 0, L_0000029a589f1600;  1 drivers
v0000029a58997a80_0 .net *"_ivl_65", 0 0, L_0000029a589f1de0;  1 drivers
v0000029a58996f40_0 .net "aNb", 15 0, L_0000029a589f1fa0;  1 drivers
v0000029a58996180_0 .net "aRb", 15 0, L_0000029a589f1e50;  1 drivers
v0000029a58996fe0_0 .net "aluControl", 2 0, L_0000029a589edf00;  alias, 1 drivers
v0000029a58997b20_0 .net "aluout", 15 0, L_0000029a589ec6a0;  alias, 1 drivers
v0000029a58997080_0 .net "c", 0 0, L_0000029a589f1c20;  1 drivers
v0000029a58997ee0_0 .net "cout", 0 0, L_0000029a589ebca0;  1 drivers
v0000029a58997c60_0 .net "mux_1", 15 0, L_0000029a589eb3e0;  1 drivers
v0000029a589971c0_0 .net "n", 0 0, L_0000029a589ec560;  1 drivers
v0000029a58997260_0 .net "nB", 15 0, L_0000029a589f1440;  1 drivers
v0000029a58997d00_0 .net "sum", 15 0, L_0000029a589eb700;  1 drivers
v0000029a589969a0_0 .net "v", 0 0, L_0000029a589f16e0;  1 drivers
v0000029a58997300_0 .net "z", 0 0, L_0000029a589ec420;  1 drivers
L_0000029a589ed8c0 .part L_0000029a589edf00, 0, 1;
L_0000029a589ebca0 .part L_0000029a589ed500, 16, 1;
L_0000029a589eb700 .part L_0000029a589ed500, 0, 16;
L_0000029a589ec380 .concat [ 16 1 0 0], L_0000029a589ee720, L_0000029a589a1da0;
L_0000029a589ed460 .concat [ 16 1 0 0], L_0000029a589eb3e0, L_0000029a589a1de8;
L_0000029a589eca60 .arith/sum 17, L_0000029a589ec380, L_0000029a589ed460;
L_0000029a589ecce0 .part L_0000029a589edf00, 0, 1;
L_0000029a589eb980 .concat [ 1 16 0 0], L_0000029a589ecce0, L_0000029a589a1e30;
L_0000029a589ed500 .arith/sum 17, L_0000029a589eca60, L_0000029a589eb980;
L_0000029a589ec420 .reduce/and L_0000029a589f1590;
L_0000029a589ec560 .part L_0000029a589ec6a0, 15, 1;
L_0000029a589ebd40 .part L_0000029a589edf00, 1, 1;
L_0000029a589ec600 .part L_0000029a589edf00, 1, 1;
L_0000029a589ed1e0 .part L_0000029a589ee720, 15, 1;
L_0000029a589eb520 .part L_0000029a589eb700, 15, 1;
L_0000029a589eb5c0 .part L_0000029a589ee720, 15, 1;
L_0000029a589ecec0 .part L_0000029a589ec060, 15, 1;
L_0000029a589eb840 .part L_0000029a589edf00, 0, 1;
S_0000029a588c1b40 .scope module, "utt1" "mux81" 6 38, 7 15 0, S_0000029a588c19b0;
 .timescale 0 0;
    .port_info 0 /INPUT 16 "I0";
    .port_info 1 /INPUT 16 "I1";
    .port_info 2 /INPUT 16 "I2";
    .port_info 3 /INPUT 16 "I3";
    .port_info 4 /INPUT 16 "I4";
    .port_info 5 /INPUT 16 "I5";
    .port_info 6 /INPUT 3 "s";
    .port_info 7 /OUTPUT 16 "out";
v0000029a58995930_0 .net "I0", 15 0, L_0000029a589eb700;  alias, 1 drivers
v0000029a58994f30_0 .net "I1", 15 0, L_0000029a589eb700;  alias, 1 drivers
v0000029a58995e30_0 .net "I2", 15 0, L_0000029a589f1fa0;  alias, 1 drivers
v0000029a58995070_0 .net "I3", 15 0, L_0000029a589f1e50;  alias, 1 drivers
v0000029a589959d0_0 .net "I4", 15 0, L_0000029a589f1440;  alias, 1 drivers
v0000029a58994670_0 .net "I5", 15 0, L_0000029a589f12f0;  alias, 1 drivers
L_0000029a589a1e78 .functor BUFT 1, C4<000>, C4<0>, C4<0>, C4<0>;
v0000029a58995570_0 .net/2u *"_ivl_0", 2 0, L_0000029a589a1e78;  1 drivers
v0000029a58994530_0 .net *"_ivl_10", 0 0, L_0000029a589ebe80;  1 drivers
L_0000029a589a1f50 .functor BUFT 1, C4<011>, C4<0>, C4<0>, C4<0>;
v0000029a58994210_0 .net/2u *"_ivl_12", 2 0, L_0000029a589a1f50;  1 drivers
v0000029a589947b0_0 .net *"_ivl_14", 0 0, L_0000029a589ecb00;  1 drivers
L_0000029a589a1f98 .functor BUFT 1, C4<100>, C4<0>, C4<0>, C4<0>;
v0000029a589948f0_0 .net/2u *"_ivl_16", 2 0, L_0000029a589a1f98;  1 drivers
v0000029a58995ed0_0 .net *"_ivl_18", 0 0, L_0000029a589ec1a0;  1 drivers
v0000029a58995110_0 .net *"_ivl_2", 0 0, L_0000029a589ed640;  1 drivers
v0000029a58994990_0 .net *"_ivl_20", 15 0, L_0000029a589ec4c0;  1 drivers
v0000029a58994ad0_0 .net *"_ivl_22", 15 0, L_0000029a589ebfc0;  1 drivers
v0000029a589951b0_0 .net *"_ivl_24", 15 0, L_0000029a589ec240;  1 drivers
v0000029a58995250_0 .net *"_ivl_26", 15 0, L_0000029a589ec2e0;  1 drivers
L_0000029a589a1ec0 .functor BUFT 1, C4<001>, C4<0>, C4<0>, C4<0>;
v0000029a58995390_0 .net/2u *"_ivl_4", 2 0, L_0000029a589a1ec0;  1 drivers
v0000029a58995b10_0 .net *"_ivl_6", 0 0, L_0000029a589ed820;  1 drivers
L_0000029a589a1f08 .functor BUFT 1, C4<010>, C4<0>, C4<0>, C4<0>;
v0000029a58995430_0 .net/2u *"_ivl_8", 2 0, L_0000029a589a1f08;  1 drivers
v0000029a58995610_0 .net "out", 15 0, L_0000029a589ec6a0;  alias, 1 drivers
v0000029a589956b0_0 .net "s", 2 0, L_0000029a589edf00;  alias, 1 drivers
L_0000029a589ed640 .cmp/eq 3, L_0000029a589edf00, L_0000029a589a1e78;
L_0000029a589ed820 .cmp/eq 3, L_0000029a589edf00, L_0000029a589a1ec0;
L_0000029a589ebe80 .cmp/eq 3, L_0000029a589edf00, L_0000029a589a1f08;
L_0000029a589ecb00 .cmp/eq 3, L_0000029a589edf00, L_0000029a589a1f50;
L_0000029a589ec1a0 .cmp/eq 3, L_0000029a589edf00, L_0000029a589a1f98;
L_0000029a589ec4c0 .functor MUXZ 16, L_0000029a589f12f0, L_0000029a589f1440, L_0000029a589ec1a0, C4<>;
L_0000029a589ebfc0 .functor MUXZ 16, L_0000029a589ec4c0, L_0000029a589f1e50, L_0000029a589ecb00, C4<>;
L_0000029a589ec240 .functor MUXZ 16, L_0000029a589ebfc0, L_0000029a589f1fa0, L_0000029a589ebe80, C4<>;
L_0000029a589ec2e0 .functor MUXZ 16, L_0000029a589ec240, L_0000029a589eb700, L_0000029a589ed820, C4<>;
L_0000029a589ec6a0 .functor MUXZ 16, L_0000029a589ec2e0, L_0000029a589eb700, L_0000029a589ed640, C4<>;
S_0000029a588f0550 .scope module, "uut" "mux21" 6 28, 7 4 0, S_0000029a588c19b0;
 .timescale 0 0;
    .port_info 0 /INPUT 16 "A";
    .port_info 1 /INPUT 16 "B";
    .port_info 2 /INPUT 1 "s";
    .port_info 3 /OUTPUT 16 "out";
L_0000029a589a1d58 .functor BUFT 1, C4<0>, C4<0>, C4<0>, C4<0>;
L_0000029a589f1750 .functor XNOR 1, L_0000029a589ed8c0, L_0000029a589a1d58, C4<0>, C4<0>;
v0000029a58995c50_0 .net "A", 15 0, L_0000029a589ec060;  alias, 1 drivers
v0000029a58995cf0_0 .net "B", 15 0, L_0000029a589f1440;  alias, 1 drivers
v0000029a58994350_0 .net/2u *"_ivl_0", 0 0, L_0000029a589a1d58;  1 drivers
v0000029a58995f70_0 .net *"_ivl_2", 0 0, L_0000029a589f1750;  1 drivers
v0000029a589942b0_0 .net "out", 15 0, L_0000029a589eb3e0;  alias, 1 drivers
v0000029a589974e0_0 .net "s", 0 0, L_0000029a589ed8c0;  1 drivers
L_0000029a589eb3e0 .functor MUXZ 16, L_0000029a589f1440, L_0000029a589ec060, L_0000029a589f1750, C4<>;
S_0000029a588de600 .scope module, "ald" "aluDecode" 4 90, 8 1 0, S_0000029a588dc850;
 .timescale 0 0;
    .port_info 0 /INPUT 3 "func";
    .port_info 1 /INPUT 2 "aluop";
    .port_info 2 /OUTPUT 3 "aluC";
L_0000029a589a1b60 .functor BUFT 1, C4<00>, C4<0>, C4<0>, C4<0>;
v0000029a58997da0_0 .net/2u *"_ivl_0", 1 0, L_0000029a589a1b60;  1 drivers
L_0000029a589a1c38 .functor BUFT 1, C4<001>, C4<0>, C4<0>, C4<0>;
v0000029a58997e40_0 .net/2u *"_ivl_10", 2 0, L_0000029a589a1c38;  1 drivers
L_0000029a589a1c80 .functor BUFT 1, C4<10>, C4<0>, C4<0>, C4<0>;
v0000029a58997f80_0 .net/2u *"_ivl_12", 1 0, L_0000029a589a1c80;  1 drivers
v0000029a58996220_0 .net *"_ivl_14", 0 0, L_0000029a589eeb80;  1 drivers
L_0000029a589a1cc8 .functor BUFT 1, C4<000>, C4<0>, C4<0>, C4<0>;
v0000029a589962c0_0 .net/2u *"_ivl_16", 2 0, L_0000029a589a1cc8;  1 drivers
v0000029a58996360_0 .net *"_ivl_18", 2 0, L_0000029a589edfa0;  1 drivers
v0000029a58996400_0 .net *"_ivl_2", 0 0, L_0000029a589eed60;  1 drivers
v0000029a58996a40_0 .net *"_ivl_20", 2 0, L_0000029a589ede60;  1 drivers
L_0000029a589a1ba8 .functor BUFT 1, C4<000>, C4<0>, C4<0>, C4<0>;
v0000029a589973a0_0 .net/2u *"_ivl_4", 2 0, L_0000029a589a1ba8;  1 drivers
L_0000029a589a1bf0 .functor BUFT 1, C4<01>, C4<0>, C4<0>, C4<0>;
v0000029a58996ae0_0 .net/2u *"_ivl_6", 1 0, L_0000029a589a1bf0;  1 drivers
v0000029a58998a50_0 .net *"_ivl_8", 0 0, L_0000029a589edbe0;  1 drivers
v0000029a58998cd0_0 .net "aluC", 2 0, L_0000029a589edf00;  alias, 1 drivers
v0000029a58998410_0 .net "aluop", 1 0, L_0000029a589ee680;  alias, 1 drivers
v0000029a58999a90_0 .net "func", 2 0, L_0000029a589eee00;  1 drivers
L_0000029a589eed60 .cmp/eq 2, L_0000029a589ee680, L_0000029a589a1b60;
L_0000029a589edbe0 .cmp/eq 2, L_0000029a589ee680, L_0000029a589a1bf0;
L_0000029a589eeb80 .cmp/eq 2, L_0000029a589ee680, L_0000029a589a1c80;
L_0000029a589edfa0 .functor MUXZ 3, L_0000029a589a1cc8, L_0000029a589eee00, L_0000029a589eeb80, C4<>;
L_0000029a589ede60 .functor MUXZ 3, L_0000029a589edfa0, L_0000029a589a1c38, L_0000029a589edbe0, C4<>;
L_0000029a589edf00 .functor MUXZ 3, L_0000029a589ede60, L_0000029a589a1ba8, L_0000029a589eed60, C4<>;
S_0000029a588de790 .scope module, "brnch" "branch" 4 124, 9 1 0, S_0000029a588dc850;
 .timescale 0 0;
    .port_info 0 /INPUT 16 "A";
    .port_info 1 /INPUT 16 "B";
    .port_info 2 /OUTPUT 1 "pcflag";
    .port_info 3 /INPUT 3 "func";
    .port_info 4 /OUTPUT 1 "fcall";
    .port_info 5 /OUTPUT 1 "fcallend";
L_0000029a589f17c0 .functor AND 1, L_0000029a589ec880, L_0000029a589ec7e0, C4<1>, C4<1>;
L_0000029a589f1830 .functor NOT 1, L_0000029a589ec7e0, C4<0>, C4<0>, C4<0>;
L_0000029a589f18a0 .functor AND 1, L_0000029a589ec920, L_0000029a589f1830, C4<1>, C4<1>;
L_0000029a589f1bb0 .functor AND 1, L_0000029a589ec9c0, L_0000029a589ecba0, C4<1>, C4<1>;
L_0000029a589f1910 .functor OR 1, L_0000029a589ecba0, L_0000029a589ec7e0, C4<0>, C4<0>;
L_0000029a589f1210 .functor AND 1, L_0000029a589ec100, L_0000029a589f1910, C4<1>, C4<1>;
L_0000029a589f1c90 .functor AND 1, L_0000029a589ecc40, L_0000029a589ebf20, C4<1>, C4<1>;
L_0000029a589f19f0 .functor OR 1, L_0000029a589ebf20, L_0000029a589ec7e0, C4<0>, C4<0>;
L_0000029a589f1a60 .functor AND 1, L_0000029a589ecd80, L_0000029a589f19f0, C4<1>, C4<1>;
v0000029a589994f0_0 .net "A", 15 0, L_0000029a589eecc0;  alias, 1 drivers
v0000029a58999630_0 .net "B", 15 0, L_0000029a589ee720;  alias, 1 drivers
v0000029a58998af0_0 .net *"_ivl_0", 0 0, L_0000029a589ebde0;  1 drivers
L_0000029a589a2070 .functor BUFT 1, C4<1>, C4<0>, C4<0>, C4<0>;
v0000029a58999b30_0 .net/2u *"_ivl_10", 0 0, L_0000029a589a2070;  1 drivers
L_0000029a589a2610 .functor BUFT 1, C4<111>, C4<0>, C4<0>, C4<0>;
v0000029a58998b90_0 .net/2u *"_ivl_102", 2 0, L_0000029a589a2610;  1 drivers
v0000029a58998d70_0 .net *"_ivl_104", 0 0, L_0000029a589ed140;  1 drivers
L_0000029a589a2658 .functor BUFT 1, C4<1>, C4<0>, C4<0>, C4<0>;
v0000029a58998370_0 .net/2u *"_ivl_106", 0 0, L_0000029a589a2658;  1 drivers
L_0000029a589a26a0 .functor BUFT 1, C4<0>, C4<0>, C4<0>, C4<0>;
v0000029a589984b0_0 .net/2u *"_ivl_108", 0 0, L_0000029a589a26a0;  1 drivers
L_0000029a589a20b8 .functor BUFT 1, C4<0>, C4<0>, C4<0>, C4<0>;
v0000029a58998230_0 .net/2u *"_ivl_12", 0 0, L_0000029a589a20b8;  1 drivers
v0000029a589985f0_0 .net *"_ivl_16", 0 0, L_0000029a589ec740;  1 drivers
L_0000029a589a2100 .functor BUFT 1, C4<1>, C4<0>, C4<0>, C4<0>;
v0000029a58999590_0 .net/2u *"_ivl_18", 0 0, L_0000029a589a2100;  1 drivers
L_0000029a589a1fe0 .functor BUFT 1, C4<1>, C4<0>, C4<0>, C4<0>;
v0000029a58998190_0 .net/2u *"_ivl_2", 0 0, L_0000029a589a1fe0;  1 drivers
L_0000029a589a2148 .functor BUFT 1, C4<0>, C4<0>, C4<0>, C4<0>;
v0000029a58999090_0 .net/2u *"_ivl_20", 0 0, L_0000029a589a2148;  1 drivers
L_0000029a589a2190 .functor BUFT 1, C4<000>, C4<0>, C4<0>, C4<0>;
v0000029a58999c70_0 .net/2u *"_ivl_24", 2 0, L_0000029a589a2190;  1 drivers
v0000029a589987d0_0 .net *"_ivl_26", 0 0, L_0000029a589ec880;  1 drivers
v0000029a58999d10_0 .net *"_ivl_28", 0 0, L_0000029a589f17c0;  1 drivers
L_0000029a589a21d8 .functor BUFT 1, C4<1>, C4<0>, C4<0>, C4<0>;
v0000029a58999310_0 .net/2u *"_ivl_30", 0 0, L_0000029a589a21d8;  1 drivers
L_0000029a589a2220 .functor BUFT 1, C4<001>, C4<0>, C4<0>, C4<0>;
v0000029a589996d0_0 .net/2u *"_ivl_32", 2 0, L_0000029a589a2220;  1 drivers
v0000029a58998c30_0 .net *"_ivl_34", 0 0, L_0000029a589ec920;  1 drivers
v0000029a589982d0_0 .net *"_ivl_36", 0 0, L_0000029a589f1830;  1 drivers
v0000029a58998e10_0 .net *"_ivl_38", 0 0, L_0000029a589f18a0;  1 drivers
L_0000029a589a2028 .functor BUFT 1, C4<0>, C4<0>, C4<0>, C4<0>;
v0000029a58999770_0 .net/2u *"_ivl_4", 0 0, L_0000029a589a2028;  1 drivers
L_0000029a589a2268 .functor BUFT 1, C4<1>, C4<0>, C4<0>, C4<0>;
v0000029a589998b0_0 .net/2u *"_ivl_40", 0 0, L_0000029a589a2268;  1 drivers
L_0000029a589a22b0 .functor BUFT 1, C4<010>, C4<0>, C4<0>, C4<0>;
v0000029a58998eb0_0 .net/2u *"_ivl_42", 2 0, L_0000029a589a22b0;  1 drivers
v0000029a58999130_0 .net *"_ivl_44", 0 0, L_0000029a589ec9c0;  1 drivers
v0000029a58999810_0 .net *"_ivl_46", 0 0, L_0000029a589f1bb0;  1 drivers
L_0000029a589a22f8 .functor BUFT 1, C4<1>, C4<0>, C4<0>, C4<0>;
v0000029a58998550_0 .net/2u *"_ivl_48", 0 0, L_0000029a589a22f8;  1 drivers
L_0000029a589a2340 .functor BUFT 1, C4<011>, C4<0>, C4<0>, C4<0>;
v0000029a58999950_0 .net/2u *"_ivl_50", 2 0, L_0000029a589a2340;  1 drivers
v0000029a58999db0_0 .net *"_ivl_52", 0 0, L_0000029a589ec100;  1 drivers
v0000029a58998690_0 .net *"_ivl_54", 0 0, L_0000029a589f1910;  1 drivers
v0000029a58998730_0 .net *"_ivl_56", 0 0, L_0000029a589f1210;  1 drivers
L_0000029a589a2388 .functor BUFT 1, C4<1>, C4<0>, C4<0>, C4<0>;
v0000029a58999270_0 .net/2u *"_ivl_58", 0 0, L_0000029a589a2388;  1 drivers
L_0000029a589a23d0 .functor BUFT 1, C4<100>, C4<0>, C4<0>, C4<0>;
v0000029a58999bd0_0 .net/2u *"_ivl_60", 2 0, L_0000029a589a23d0;  1 drivers
v0000029a589993b0_0 .net *"_ivl_62", 0 0, L_0000029a589ecc40;  1 drivers
v0000029a58998870_0 .net *"_ivl_64", 0 0, L_0000029a589f1c90;  1 drivers
L_0000029a589a2418 .functor BUFT 1, C4<1>, C4<0>, C4<0>, C4<0>;
v0000029a58999f90_0 .net/2u *"_ivl_66", 0 0, L_0000029a589a2418;  1 drivers
L_0000029a589a2460 .functor BUFT 1, C4<101>, C4<0>, C4<0>, C4<0>;
v0000029a589999f0_0 .net/2u *"_ivl_68", 2 0, L_0000029a589a2460;  1 drivers
v0000029a58999e50_0 .net *"_ivl_70", 0 0, L_0000029a589ecd80;  1 drivers
v0000029a58998910_0 .net *"_ivl_72", 0 0, L_0000029a589f19f0;  1 drivers
v0000029a58998f50_0 .net *"_ivl_74", 0 0, L_0000029a589f1a60;  1 drivers
L_0000029a589a24a8 .functor BUFT 1, C4<1>, C4<0>, C4<0>, C4<0>;
v0000029a58999ef0_0 .net/2u *"_ivl_76", 0 0, L_0000029a589a24a8;  1 drivers
L_0000029a589a24f0 .functor BUFT 1, C4<0>, C4<0>, C4<0>, C4<0>;
v0000029a589991d0_0 .net/2u *"_ivl_78", 0 0, L_0000029a589a24f0;  1 drivers
v0000029a5899a030_0 .net *"_ivl_8", 0 0, L_0000029a589ed780;  1 drivers
v0000029a58998ff0_0 .net *"_ivl_80", 0 0, L_0000029a589ece20;  1 drivers
v0000029a58999450_0 .net *"_ivl_82", 0 0, L_0000029a589ecf60;  1 drivers
v0000029a589989b0_0 .net *"_ivl_84", 0 0, L_0000029a589ed280;  1 drivers
v0000029a5899aba0_0 .net *"_ivl_86", 0 0, L_0000029a589ed000;  1 drivers
v0000029a5899baa0_0 .net *"_ivl_88", 0 0, L_0000029a589eb480;  1 drivers
L_0000029a589a2538 .functor BUFT 1, C4<110>, C4<0>, C4<0>, C4<0>;
v0000029a5899ac40_0 .net/2u *"_ivl_92", 2 0, L_0000029a589a2538;  1 drivers
v0000029a5899b460_0 .net *"_ivl_94", 0 0, L_0000029a589ed0a0;  1 drivers
L_0000029a589a2580 .functor BUFT 1, C4<1>, C4<0>, C4<0>, C4<0>;
v0000029a5899aa60_0 .net/2u *"_ivl_96", 0 0, L_0000029a589a2580;  1 drivers
L_0000029a589a25c8 .functor BUFT 1, C4<0>, C4<0>, C4<0>, C4<0>;
v0000029a5899bfa0_0 .net/2u *"_ivl_98", 0 0, L_0000029a589a25c8;  1 drivers
v0000029a5899be60_0 .net "eq", 0 0, L_0000029a589ec7e0;  1 drivers
v0000029a5899af60_0 .net "fcall", 0 0, L_0000029a589eb660;  alias, 1 drivers
v0000029a5899a1a0_0 .net "fcallend", 0 0, L_0000029a589eba20;  alias, 1 drivers
v0000029a5899a420_0 .net "func", 2 0, L_0000029a589ed320;  1 drivers
v0000029a5899ad80_0 .net "gt", 0 0, L_0000029a589ebf20;  1 drivers
v0000029a5899b000_0 .net "lt", 0 0, L_0000029a589ecba0;  1 drivers
v0000029a5899ab00_0 .net "pcflag", 0 0, L_0000029a589ed960;  alias, 1 drivers
L_0000029a589ebde0 .cmp/gt 16, L_0000029a589ee720, L_0000029a589eecc0;
L_0000029a589ecba0 .functor MUXZ 1, L_0000029a589a2028, L_0000029a589a1fe0, L_0000029a589ebde0, C4<>;
L_0000029a589ed780 .cmp/gt 16, L_0000029a589eecc0, L_0000029a589ee720;
L_0000029a589ebf20 .functor MUXZ 1, L_0000029a589a20b8, L_0000029a589a2070, L_0000029a589ed780, C4<>;
L_0000029a589ec740 .cmp/eq 16, L_0000029a589eecc0, L_0000029a589ee720;
L_0000029a589ec7e0 .functor MUXZ 1, L_0000029a589a2148, L_0000029a589a2100, L_0000029a589ec740, C4<>;
L_0000029a589ec880 .cmp/eq 3, L_0000029a589ed320, L_0000029a589a2190;
L_0000029a589ec920 .cmp/eq 3, L_0000029a589ed320, L_0000029a589a2220;
L_0000029a589ec9c0 .cmp/eq 3, L_0000029a589ed320, L_0000029a589a22b0;
L_0000029a589ec100 .cmp/eq 3, L_0000029a589ed320, L_0000029a589a2340;
L_0000029a589ecc40 .cmp/eq 3, L_0000029a589ed320, L_0000029a589a23d0;
L_0000029a589ecd80 .cmp/eq 3, L_0000029a589ed320, L_0000029a589a2460;
L_0000029a589ece20 .functor MUXZ 1, L_0000029a589a24f0, L_0000029a589a24a8, L_0000029a589f1a60, C4<>;
L_0000029a589ecf60 .functor MUXZ 1, L_0000029a589ece20, L_0000029a589a2418, L_0000029a589f1c90, C4<>;
L_0000029a589ed280 .functor MUXZ 1, L_0000029a589ecf60, L_0000029a589a2388, L_0000029a589f1210, C4<>;
L_0000029a589ed000 .functor MUXZ 1, L_0000029a589ed280, L_0000029a589a22f8, L_0000029a589f1bb0, C4<>;
L_0000029a589eb480 .functor MUXZ 1, L_0000029a589ed000, L_0000029a589a2268, L_0000029a589f18a0, C4<>;
L_0000029a589ed960 .functor MUXZ 1, L_0000029a589eb480, L_0000029a589a21d8, L_0000029a589f17c0, C4<>;
L_0000029a589ed0a0 .cmp/eq 3, L_0000029a589ed320, L_0000029a589a2538;
L_0000029a589eb660 .functor MUXZ 1, L_0000029a589a25c8, L_0000029a589a2580, L_0000029a589ed0a0, C4<>;
L_0000029a589ed140 .cmp/eq 3, L_0000029a589ed320, L_0000029a589a2610;
L_0000029a589eba20 .functor MUXZ 1, L_0000029a589a26a0, L_0000029a589a2658, L_0000029a589ed140, C4<>;
S_0000029a588d4b60 .scope module, "ext" "Extender" 4 96, 10 1 0, S_0000029a588dc850;
 .timescale 0 0;
    .port_info 0 /INPUT 5 "in";
    .port_info 1 /OUTPUT 16 "out";
v0000029a5899bb40_0 .net *"_ivl_1", 0 0, L_0000029a589ee180;  1 drivers
v0000029a5899b8c0_0 .net *"_ivl_2", 10 0, L_0000029a589ee4a0;  1 drivers
v0000029a5899a920_0 .net "in", 4 0, L_0000029a589ee540;  1 drivers
v0000029a5899b1e0_0 .net "out", 15 0, L_0000029a589ee220;  alias, 1 drivers
L_0000029a589ee180 .part L_0000029a589ee540, 4, 1;
LS_0000029a589ee4a0_0_0 .concat [ 1 1 1 1], L_0000029a589ee180, L_0000029a589ee180, L_0000029a589ee180, L_0000029a589ee180;
LS_0000029a589ee4a0_0_4 .concat [ 1 1 1 1], L_0000029a589ee180, L_0000029a589ee180, L_0000029a589ee180, L_0000029a589ee180;
LS_0000029a589ee4a0_0_8 .concat [ 1 1 1 0], L_0000029a589ee180, L_0000029a589ee180, L_0000029a589ee180;
L_0000029a589ee4a0 .concat [ 4 4 3 0], LS_0000029a589ee4a0_0_0, LS_0000029a589ee4a0_0_4, LS_0000029a589ee4a0_0_8;
L_0000029a589ee220 .concat [ 5 11 0 0], L_0000029a589ee540, L_0000029a589ee4a0;
S_0000029a588d8600 .scope module, "imem" "Imem" 4 182, 11 1 0, S_0000029a588dc850;
 .timescale 0 0;
    .port_info 0 /INPUT 5 "adr";
    .port_info 1 /INPUT 1 "rst";
    .port_info 2 /OUTPUT 16 "Imaout";
L_0000029a589a2a48 .functor BUFT 1, C4<0>, C4<0>, C4<0>, C4<0>;
L_0000029a589f2010 .functor XNOR 1, v0000029a5899faa0_0, L_0000029a589a2a48, C4<0>, C4<0>;
v0000029a5899ace0_0 .net "Imaout", 15 0, L_0000029a58a07de0;  alias, 1 drivers
v0000029a5899a4c0_0 .net/2u *"_ivl_0", 0 0, L_0000029a589a2a48;  1 drivers
L_0000029a589a2ad8 .functor BUFT 1, C4<00>, C4<0>, C4<0>, C4<0>;
v0000029a5899a9c0_0 .net *"_ivl_11", 1 0, L_0000029a589a2ad8;  1 drivers
v0000029a5899b640_0 .net *"_ivl_2", 0 0, L_0000029a589f2010;  1 drivers
L_0000029a589a2a90 .functor BUFT 1, C4<0000000000000000>, C4<0>, C4<0>, C4<0>;
v0000029a5899a6a0_0 .net/2u *"_ivl_4", 15 0, L_0000029a589a2a90;  1 drivers
v0000029a5899a2e0_0 .net *"_ivl_6", 15 0, L_0000029a58a06300;  1 drivers
v0000029a5899b960_0 .net *"_ivl_8", 6 0, L_0000029a58a06e40;  1 drivers
v0000029a5899bc80_0 .net "adr", 4 0, v0000029a5899b500_0;  alias, 1 drivers
v0000029a5899bbe0 .array "mem", 0 32, 15 0;
v0000029a5899bd20_0 .net "rst", 0 0, v0000029a5899faa0_0;  alias, 1 drivers
L_0000029a58a06300 .array/port v0000029a5899bbe0, L_0000029a58a06e40;
L_0000029a58a06e40 .concat [ 5 2 0 0], v0000029a5899b500_0, L_0000029a589a2ad8;
L_0000029a58a07de0 .functor MUXZ 16, L_0000029a58a06300, L_0000029a589a2a90, L_0000029a589f2010, C4<>;
S_0000029a588d8790 .scope module, "memory" "Memory" 4 134, 12 1 0, S_0000029a588dc850;
 .timescale 0 0;
    .port_info 0 /INPUT 13 "adr";
    .port_info 1 /INPUT 16 "WD";
    .port_info 2 /INPUT 1 "clk";
    .port_info 3 /INPUT 1 "WE";
    .port_info 4 /OUTPUT 16 "Memout";
L_0000029a589a26e8 .functor BUFT 1, C4<1>, C4<0>, C4<0>, C4<0>;
L_0000029a589f1d00 .functor XNOR 1, L_0000029a5899ffa0, L_0000029a589a26e8, C4<0>, C4<0>;
v0000029a5899ae20_0 .net "Memout", 15 0, L_0000029a589eb7a0;  alias, 1 drivers
v0000029a5899b5a0_0 .net "WD", 15 0, L_0000029a589eecc0;  alias, 1 drivers
v0000029a5899b6e0_0 .net "WE", 0 0, L_0000029a5899ffa0;  alias, 1 drivers
v0000029a5899aec0_0 .net/2u *"_ivl_0", 0 0, L_0000029a589a26e8;  1 drivers
L_0000029a589a2778 .functor BUFT 1, C4<00>, C4<0>, C4<0>, C4<0>;
v0000029a5899b0a0_0 .net *"_ivl_11", 1 0, L_0000029a589a2778;  1 drivers
v0000029a5899bdc0_0 .net *"_ivl_2", 0 0, L_0000029a589f1d00;  1 drivers
L_0000029a589a2730 .functor BUFT 1, C4<0000000000000000>, C4<0>, C4<0>, C4<0>;
v0000029a5899bf00_0 .net/2u *"_ivl_4", 15 0, L_0000029a589a2730;  1 drivers
v0000029a5899a380_0 .net *"_ivl_6", 15 0, L_0000029a589ed5a0;  1 drivers
v0000029a5899a560_0 .net *"_ivl_8", 14 0, L_0000029a589ed3c0;  1 drivers
v0000029a5899b140_0 .net "adr", 12 0, L_0000029a589eb200;  1 drivers
v0000029a5899a600_0 .net "clk", 0 0, v0000029a5899f140_0;  alias, 1 drivers
v0000029a5899a740 .array "mem", 0 8191, 15 0;
E_0000029a58932a40 .event posedge, v0000029a5899a600_0;
L_0000029a589ed5a0 .array/port v0000029a5899a740, L_0000029a589ed3c0;
L_0000029a589ed3c0 .concat [ 13 2 0 0], L_0000029a589eb200, L_0000029a589a2778;
L_0000029a589eb7a0 .functor MUXZ 16, L_0000029a589ed5a0, L_0000029a589a2730, L_0000029a589f1d00, C4<>;
S_0000029a588cdc40 .scope module, "mux21alu" "mux21" 4 102, 7 4 0, S_0000029a588dc850;
 .timescale 0 0;
    .port_info 0 /INPUT 16 "A";
    .port_info 1 /INPUT 16 "B";
    .port_info 2 /INPUT 1 "s";
    .port_info 3 /OUTPUT 16 "out";
L_0000029a589a1d10 .functor BUFT 1, C4<0>, C4<0>, C4<0>, C4<0>;
L_0000029a589f1b40 .functor XNOR 1, L_0000029a589ee0e0, L_0000029a589a1d10, C4<0>, C4<0>;
v0000029a5899c040_0 .net "A", 15 0, L_0000029a589eecc0;  alias, 1 drivers
v0000029a5899a7e0_0 .net "B", 15 0, L_0000029a589ee220;  alias, 1 drivers
v0000029a5899b280_0 .net/2u *"_ivl_0", 0 0, L_0000029a589a1d10;  1 drivers
v0000029a5899a240_0 .net *"_ivl_2", 0 0, L_0000029a589f1b40;  1 drivers
v0000029a5899b3c0_0 .net "out", 15 0, L_0000029a589ec060;  alias, 1 drivers
v0000029a5899a880_0 .net "s", 0 0, L_0000029a589ee0e0;  alias, 1 drivers
L_0000029a589ec060 .functor MUXZ 16, L_0000029a589ee220, L_0000029a589eecc0, L_0000029a589f1b40, C4<>;
S_0000029a588cddd0 .scope module, "pc" "PC" 4 52, 13 1 0, S_0000029a588dc850;
 .timescale 0 0;
    .port_info 0 /INPUT 1 "clk";
    .port_info 1 /INPUT 1 "rst";
    .port_info 2 /INPUT 5 "pcN";
    .port_info 3 /OUTPUT 5 "pc";
v0000029a5899b320_0 .net "clk", 0 0, v0000029a5899f140_0;  alias, 1 drivers
v0000029a5899b500_0 .var "pc", 4 0;
v0000029a5899b780_0 .net "pcN", 4 0, L_0000029a58a06260;  alias, 1 drivers
v0000029a5899b820_0 .net "rst", 0 0, v0000029a5899faa0_0;  alias, 1 drivers
S_0000029a588c74d0 .scope module, "pcinc" "pcInc" 4 155, 14 1 0, S_0000029a588dc850;
 .timescale 0 0;
    .port_info 0 /INPUT 5 "a";
    .port_info 1 /INPUT 5 "b";
    .port_info 2 /OUTPUT 5 "c";
    .port_info 3 /INPUT 1 "s";
v0000029a5899ba00_0 .net "a", 4 0, v0000029a5899b500_0;  alias, 1 drivers
v0000029a5899e6a0_0 .net "b", 4 0, L_0000029a589ebac0;  alias, 1 drivers
v0000029a5899cb20_0 .net "c", 4 0, L_0000029a589ebb60;  alias, 1 drivers
o0000029a5893eb88 .functor BUFZ 1, C4<z>; HiZ drive
v0000029a5899d5c0_0 .net "s", 0 0, o0000029a5893eb88;  0 drivers
L_0000029a589ebb60 .arith/sum 5, v0000029a5899b500_0, L_0000029a589ebac0;
S_0000029a588c7660 .scope module, "resmux" "mux21" 4 143, 7 4 0, S_0000029a588dc850;
 .timescale 0 0;
    .port_info 0 /INPUT 16 "A";
    .port_info 1 /INPUT 16 "B";
    .port_info 2 /INPUT 1 "s";
    .port_info 3 /OUTPUT 16 "out";
L_0000029a589a27c0 .functor BUFT 1, C4<0>, C4<0>, C4<0>, C4<0>;
L_0000029a589f1980 .functor XNOR 1, L_0000029a589ee040, L_0000029a589a27c0, C4<0>, C4<0>;
v0000029a5899d160_0 .net "A", 15 0, L_0000029a589ec6a0;  alias, 1 drivers
v0000029a5899c8a0_0 .net "B", 15 0, L_0000029a589eb7a0;  alias, 1 drivers
v0000029a5899c800_0 .net/2u *"_ivl_0", 0 0, L_0000029a589a27c0;  1 drivers
v0000029a5899e920_0 .net *"_ivl_2", 0 0, L_0000029a589f1980;  1 drivers
v0000029a5899c1c0_0 .net "out", 15 0, L_0000029a589ed6e0;  alias, 1 drivers
v0000029a5899c260_0 .net "s", 0 0, L_0000029a589ee040;  alias, 1 drivers
L_0000029a589ed6e0 .functor MUXZ 16, L_0000029a589eb7a0, L_0000029a589ec6a0, L_0000029a589f1980, C4<>;
S_0000029a5896deb0 .scope module, "rm" "RegMem" 4 78, 15 1 0, S_0000029a588dc850;
 .timescale 0 0;
    .port_info 0 /INPUT 3 "A1";
    .port_info 1 /INPUT 3 "A2";
    .port_info 2 /INPUT 3 "A3";
    .port_info 3 /INPUT 16 "WD";
    .port_info 4 /INPUT 1 "WE";
    .port_info 5 /OUTPUT 16 "RD1";
    .port_info 6 /OUTPUT 16 "RD2";
    .port_info 7 /INPUT 1 "clk";
    .port_info 8 /INPUT 1 "rst";
v0000029a5899dd40_0 .net "A1", 2 0, L_0000029a589ee9a0;  1 drivers
v0000029a5899cd00_0 .net "A2", 2 0, L_0000029a589eeae0;  alias, 1 drivers
v0000029a5899cda0_0 .net "A3", 2 0, L_0000029a589ee400;  1 drivers
v0000029a5899c300_0 .net "RD1", 15 0, L_0000029a589ee720;  alias, 1 drivers
v0000029a5899dac0_0 .net "RD2", 15 0, L_0000029a589eecc0;  alias, 1 drivers
v0000029a5899c3a0 .array "Registers", 0 7, 15 0;
v0000029a5899c760_0 .net "WD", 15 0, L_0000029a589ed6e0;  alias, 1 drivers
v0000029a5899c440_0 .net "WE", 0 0, L_0000029a5899f8c0;  alias, 1 drivers
v0000029a5899d020_0 .net *"_ivl_1", 0 0, L_0000029a589ef080;  1 drivers
v0000029a5899c6c0_0 .net *"_ivl_13", 0 0, L_0000029a589eeea0;  1 drivers
L_0000029a589a1ad0 .functor BUFT 1, C4<0000000000000000>, C4<0>, C4<0>, C4<0>;
v0000029a5899e740_0 .net/2u *"_ivl_14", 15 0, L_0000029a589a1ad0;  1 drivers
v0000029a5899d480_0 .net *"_ivl_16", 15 0, L_0000029a589ee900;  1 drivers
v0000029a5899dde0_0 .net *"_ivl_18", 4 0, L_0000029a589eea40;  1 drivers
L_0000029a589a1a40 .functor BUFT 1, C4<0000000000000000>, C4<0>, C4<0>, C4<0>;
v0000029a5899c940_0 .net/2u *"_ivl_2", 15 0, L_0000029a589a1a40;  1 drivers
L_0000029a589a1b18 .functor BUFT 1, C4<00>, C4<0>, C4<0>, C4<0>;
v0000029a5899c4e0_0 .net *"_ivl_21", 1 0, L_0000029a589a1b18;  1 drivers
v0000029a5899c9e0_0 .net *"_ivl_4", 15 0, L_0000029a589edaa0;  1 drivers
v0000029a5899c580_0 .net *"_ivl_6", 4 0, L_0000029a589ee360;  1 drivers
L_0000029a589a1a88 .functor BUFT 1, C4<00>, C4<0>, C4<0>, C4<0>;
v0000029a5899ca80_0 .net *"_ivl_9", 1 0, L_0000029a589a1a88;  1 drivers
v0000029a5899e880_0 .net "clk", 0 0, v0000029a5899f140_0;  alias, 1 drivers
v0000029a5899e4c0_0 .net "rst", 0 0, v0000029a5899faa0_0;  alias, 1 drivers
L_0000029a589ef080 .reduce/nor v0000029a5899faa0_0;
L_0000029a589edaa0 .array/port v0000029a5899c3a0, L_0000029a589ee360;
L_0000029a589ee360 .concat [ 3 2 0 0], L_0000029a589ee9a0, L_0000029a589a1a88;
L_0000029a589ee720 .functor MUXZ 16, L_0000029a589edaa0, L_0000029a589a1a40, L_0000029a589ef080, C4<>;
L_0000029a589eeea0 .reduce/nor v0000029a5899faa0_0;
L_0000029a589ee900 .array/port v0000029a5899c3a0, L_0000029a589eea40;
L_0000029a589eea40 .concat [ 3 2 0 0], L_0000029a589eeae0, L_0000029a589a1b18;
L_0000029a589eecc0 .functor MUXZ 16, L_0000029a589ee900, L_0000029a589a1ad0, L_0000029a589eeea0, C4<>;
S_0000029a5896e4f0 .scope module, "st" "stack" 4 164, 16 1 0, S_0000029a588dc850;
 .timescale 0 0;
    .port_info 0 /INPUT 1 "clk";
    .port_info 1 /INPUT 1 "reset";
    .port_info 2 /INPUT 1 "push";
    .port_info 3 /INPUT 1 "pop";
    .port_info 4 /INPUT 5 "data_in";
    .port_info 5 /OUTPUT 5 "data_out";
v0000029a5899d2a0_0 .net *"_ivl_1", 0 0, L_0000029a58a070c0;  1 drivers
L_0000029a589a2928 .functor BUFT 1, C4<00000>, C4<0>, C4<0>, C4<0>;
v0000029a5899d3e0_0 .net/2u *"_ivl_2", 4 0, L_0000029a589a2928;  1 drivers
L_0000029a589a2970 .functor BUFT 1, C4<00000>, C4<0>, C4<0>, C4<0>;
v0000029a5899cbc0_0 .net/2u *"_ivl_4", 4 0, L_0000029a589a2970;  1 drivers
v0000029a5899da20_0 .net *"_ivl_6", 4 0, L_0000029a58a063a0;  1 drivers
v0000029a5899de80_0 .net "clk", 0 0, v0000029a5899f140_0;  alias, 1 drivers
v0000029a5899d520_0 .net "data_in", 4 0, L_0000029a589ebc00;  alias, 1 drivers
v0000029a5899ce40_0 .net "data_out", 4 0, L_0000029a58a06620;  alias, 1 drivers
v0000029a5899df20_0 .var "mem", 4 0;
v0000029a5899dfc0_0 .net "pop", 0 0, L_0000029a589eba20;  alias, 1 drivers
v0000029a5899c620_0 .net "push", 0 0, L_0000029a589eb660;  alias, 1 drivers
v0000029a5899d840_0 .net "reset", 0 0, v0000029a5899faa0_0;  alias, 1 drivers
L_0000029a58a070c0 .reduce/nor v0000029a5899faa0_0;
L_0000029a58a063a0 .functor MUXZ 5, L_0000029a589a2970, v0000029a5899df20_0, L_0000029a589eba20, C4<>;
L_0000029a58a06620 .functor MUXZ 5, L_0000029a58a063a0, L_0000029a589a2928, L_0000029a58a070c0, C4<>;
    .scope S_0000029a588cddd0;
T_0 ;
    %wait E_0000029a58932a40;
    %load/vec4 v0000029a5899b820_0;
    %cmpi/e 0, 0, 1;
    %jmp/0xz  T_0.0, 4;
    %pushi/vec4 0, 0, 5;
    %assign/vec4 v0000029a5899b500_0, 0;
    %jmp T_0.1;
T_0.0 ;
    %load/vec4 v0000029a5899b780_0;
    %assign/vec4 v0000029a5899b500_0, 0;
T_0.1 ;
    %jmp T_0;
    .thread T_0;
    .scope S_0000029a5896deb0;
T_1 ;
    %wait E_0000029a58932a40;
    %load/vec4 v0000029a5899c440_0;
    %flag_set/vec4 8;
    %jmp/0xz  T_1.0, 8;
    %load/vec4 v0000029a5899c760_0;
    %load/vec4 v0000029a5899cda0_0;
    %pad/u 5;
    %ix/vec4 3;
    %ix/load 4, 0, 0; Constant delay
    %assign/vec4/a/d v0000029a5899c3a0, 0, 4;
T_1.0 ;
    %jmp T_1;
    .thread T_1;
    .scope S_0000029a5896deb0;
T_2 ;
    %pushi/vec4 1, 0, 16;
    %ix/load 4, 7, 0;
    %flag_set/imm 4, 0;
    %store/vec4a v0000029a5899c3a0, 4, 0;
    %pushi/vec4 90, 0, 16;
    %ix/load 4, 6, 0;
    %flag_set/imm 4, 0;
    %store/vec4a v0000029a5899c3a0, 4, 0;
    %pushi/vec4 20, 0, 16;
    %ix/load 4, 1, 0;
    %flag_set/imm 4, 0;
    %store/vec4a v0000029a5899c3a0, 4, 0;
    %pushi/vec4 20, 0, 16;
    %ix/load 4, 2, 0;
    %flag_set/imm 4, 0;
    %store/vec4a v0000029a5899c3a0, 4, 0;
    %end;
    .thread T_2;
    .scope S_0000029a588d8790;
T_3 ;
    %wait E_0000029a58932a40;
    %load/vec4 v0000029a5899b6e0_0;
    %cmpi/e 1, 0, 1;
    %jmp/0xz  T_3.0, 4;
    %load/vec4 v0000029a5899b5a0_0;
    %load/vec4 v0000029a5899b140_0;
    %pad/u 15;
    %ix/vec4 3;
    %ix/load 4, 0, 0; Constant delay
    %assign/vec4/a/d v0000029a5899a740, 0, 4;
T_3.0 ;
    %jmp T_3;
    .thread T_3;
    .scope S_0000029a588d8790;
T_4 ;
    %pushi/vec4 25, 0, 16;
    %ix/load 4, 0, 0;
    %flag_set/imm 4, 0;
    %store/vec4a v0000029a5899a740, 4, 0;
    %pushi/vec4 20, 0, 16;
    %ix/load 4, 1, 0;
    %flag_set/imm 4, 0;
    %store/vec4a v0000029a5899a740, 4, 0;
    %pushi/vec4 30, 0, 16;
    %ix/load 4, 2, 0;
    %flag_set/imm 4, 0;
    %store/vec4a v0000029a5899a740, 4, 0;
    %end;
    .thread T_4;
    .scope S_0000029a5896e4f0;
T_5 ;
    %wait E_0000029a58932a40;
    %load/vec4 v0000029a5899c620_0;
    %flag_set/vec4 8;
    %jmp/0xz  T_5.0, 8;
    %load/vec4 v0000029a5899d520_0;
    %assign/vec4 v0000029a5899df20_0, 0;
T_5.0 ;
    %jmp T_5;
    .thread T_5;
    .scope S_0000029a588d8600;
T_6 ;
    %pushi/vec4 1825, 0, 16;
    %ix/load 4, 0, 0;
    %flag_set/imm 4, 0;
    %store/vec4a v0000029a5899bbe0, 4, 0;
    %end;
    .thread T_6;
    .scope S_0000029a588dc6c0;
T_7 ;
    %pushi/vec4 0, 0, 1;
    %store/vec4 v0000029a5899f140_0, 0, 1;
T_7.0 ;
    %delay 5000, 0;
    %load/vec4 v0000029a5899f140_0;
    %inv;
    %store/vec4 v0000029a5899f140_0, 0, 1;
    %jmp T_7.0;
    %end;
    .thread T_7;
    .scope S_0000029a588dc6c0;
T_8 ;
    %pushi/vec4 0, 0, 1;
    %store/vec4 v0000029a5899faa0_0, 0, 1;
    %vpi_call 3 30 "$dumpfile", "main_tb.vcd" {0 0 0};
    %vpi_call 3 31 "$dumpvars", 32'sb00000000000000000000000000000000, S_0000029a588dc6c0 {0 0 0};
    %delay 10000, 0;
    %pushi/vec4 1, 0, 1;
    %store/vec4 v0000029a5899faa0_0, 0, 1;
    %delay 150000, 0;
    %delay 10000, 0;
    %pushi/vec4 0, 0, 1;
    %store/vec4 v0000029a5899faa0_0, 0, 1;
    %delay 10000, 0;
    %pushi/vec4 1, 0, 1;
    %store/vec4 v0000029a5899faa0_0, 0, 1;
    %delay 50000, 0;
    %vpi_call 3 48 "$finish" {0 0 0};
    %end;
    .thread T_8;
# The file index is used to find the file name in the following table.
:file_names 17;
    "N/A";
    "<interactive>";
    "././comparator.v";
    "main_tb.v";
    "././Main.v";
    "././ControlUnit.v";
    "././ALU.v";
    "././MUX.v";
    "././aluDecoder.v";
    "././Branch.v";
    "././Extender.v";
    "././IMem.v";
    "././Memory.v";
    "././PC.v";
    "././pcINC.v";
    "././RegMem.v";
    "././stack.v";
